This is LuaTeX, Version 1.11.2 (MiKTeX 2.9.7250 64-bit)  (format=lualatex 2020.3.5)  16 JUN 2022 00:15
 restricted system commands enabled.
**deedy_resume-openfont.tex
(./deedy_resume-openfont.tex
LaTeX2e <2019-10-01> patch level 3
Lua module: luaotfload-main 2019-11-10 3.11 luaotfload entry point
Lua module: luaotfload-init 2019-11-10 3.11 luaotfload submodule / initializatio
n
Lua module: lualibs 2019-11-06 2.69 ConTeXt Lua standard libraries.
Lua module: lualibs-extended 2019-11-06 2.69 ConTeXt Lua libraries -- extended c
ollection.
Lua module: luaotfload-log 2019-11-10 3.11 luaotfload submodule / logging
Lua module: luaotfload-parsers 2019-11-10 3.11 luaotfload submodule / filelist
Lua module: luaotfload-configuration 2019-11-10 3.11 luaotfload submodule / conf
ig file reader
luaotfload | conf : Root cache directory is C:/Users/porygon-z/AppData/Local/MiK
TeX/2.9/luatex-cache/generic/names.
luaotfload | init : Loading fontloader “fontloader-2019-10-29.lua” from kpse
-resolved path “C:/Users/porygon-z/AppData/Local/Programs/MiKTeX 2.9/tex/luate
x/luaotfload/fontloader-2019-10-29.lua”.
Lua-only attribute luaotfload@state = 2
Lua-only attribute luaotfload@noligature = 3
Lua-only attribute luaotfload@syllabe = 4
luaotfload | init : Context OpenType loader version “3.11”
Inserting `luaotfload.node_processor' at position 1 in `pre_linebreak_filter'.
Inserting `luaotfload.node_processor' at position 1 in `hpack_filter'.
Lua module: luaotfload-loaders 2019-11-10 3.11 luaotfload submodule / callback h
andling
Inserting `luaotfload.define_font' at position 1 in `define_font'.
Lua module: luaotfload-database 2019-11-10 3.11 luaotfload submodule / database
Lua module: luaotfload-unicode 2019-11-10 3.11 luaotfload submodule / Unicode he
lpers
Lua module: luaotfload-colors 2019-11-10 3.11 luaotfload submodule / color
Lua-only attribute luaotfload_color_attribute = 5
Lua module: luaotfload-resolvers 2019-11-10 3.11 luaotfload submodule / resolver
s
luaotfload | conf : Root cache directory is C:/Users/porygon-z/AppData/Local/MiK
TeX/2.9/luatex-cache/generic/names.
Lua module: luaotfload-features 2019-11-10 3.11 luaotfload submodule / features
Lua module: luaotfload-letterspace 2019-11-10 3.11 luaotfload submodule / color
Lua module: luaotfload-embolden 2019-11-10 3.11 luaotfload submodule / color
Lua module: luaotfload-notdef 2019-11-10 3.11 luaotfload submodule / color
Lua module: luaotfload-auxiliary 2019-11-10 3.11 luaotfload submodule / auxiliar
y functions
Inserting `luaotfload.aux.set_sscale_dimens' at position 1 in `luaotfload.patch_
font'.
Inserting `luaotfload.aux.set_font_index' at position 2 in `luaotfload.patch_fon
t'.
Inserting `luaotfload.aux.patch_cambria_domh' at position 3 in `luaotfload.patch
_font'.
Inserting `luaotfload.aux.fixup_fontdata' at position 1 in `luaotfload.patch_fon
t_unsafe'.
Inserting `luaotfload.aux.set_capheight' at position 4 in `luaotfload.patch_font
'.
Inserting `luaotfload.aux.set_xheight' at position 5 in `luaotfload.patch_font'.
Lua module: luaotfload-multiscript 2019-11-10 3.11 luaotfload submodule / multis
cript
Lua module: luaotfload-tounicode 2019-11-10 3.11 luaotfload submodule / tounicod
e
Inserting `luaotfload.rewrite_fontname' at position 6 in `luaotfload.patch_font'
.
luaotfload | main : initialization completed in 1.698 seconds
(./deedy-resume-openfont.cls
Document Class: deedy-resume-openfont 2014/04/30 CV class

("C:/Users/porygon-z/AppData/Local/Programs/MiKTeX 2.9/tex/latex/base/article.c
ls"
Document Class: article 2019/10/25 v1.4k Standard LaTeX document class

("C:/Users/porygon-z/AppData/Local/Programs/MiKTeX 2.9/tex/latex/base/size10.cl
o"
File: size10.clo 2019/10/25 v1.4k Standard LaTeX file (size option)
luaotfload | db : Font names database loaded from C:/Users/porygon-z/AppData/Loc
al/MiKTeX/2.9/luatex-cache/generic/names/luaotfload-names.luc)
\c@part=\count80
\c@section=\count81
\c@subsection=\count82
\c@subsubsection=\count83
\c@paragraph=\count84
\c@subparagraph=\count85
\c@figure=\count86
\c@table=\count87
\abovecaptionskip=\skip41
\belowcaptionskip=\skip42
\bibindent=\dimen102
)
("C:/Users/porygon-z/AppData/Local/Programs/MiKTeX 2.9/tex/latex/geometry/geome
try.sty"
Package: geometry 2020/01/02 v5.9 Page Geometry

("C:/Users/porygon-z/AppData/Local/Programs/MiKTeX 2.9/tex/latex/graphics/keyva
l.sty"
Package: keyval 2014/10/28 v1.15 key=value parser (DPC)
\KV@toks@=\toks14
)
("C:/Users/porygon-z/AppData/Local/Programs/MiKTeX 2.9/tex/generic/iftex/ifvtex
.sty"
Package: ifvtex 2019/10/25 v1.7 ifvtex legacy package. Use iftex instead.

("C:/Users/porygon-z/AppData/Local/Programs/MiKTeX 2.9/tex/generic/iftex/iftex.
sty"
Package: iftex 2019/11/07 v1.0c TeX engine tests
))
\Gm@cnth=\count88
\Gm@cntv=\count89
\c@Gm@tempcnt=\count90
\Gm@bindingoffset=\dimen103
\Gm@wd@mp=\dimen104
\Gm@odd@mp=\dimen105
\Gm@even@mp=\dimen106
\Gm@layoutwidth=\dimen107
\Gm@layoutheight=\dimen108
\Gm@layouthoffset=\dimen109
\Gm@layoutvoffset=\dimen110
\Gm@dimlist=\toks15

("C:/Users/porygon-z/AppData/Local/Programs/MiKTeX 2.9/tex/latex/geometry/geome
try.cfg"))
("C:/Users/porygon-z/AppData/Local/Programs/MiKTeX 2.9/tex/latex/hyperref/hyper
ref.sty"
Package: hyperref 2019/11/10 v7.00c Hypertext links for LaTeX

("C:/Users/porygon-z/AppData/Local/Programs/MiKTeX 2.9/tex/generic/ltxcmds/ltxc
mds.sty"
Package: ltxcmds 2019/12/15 v1.24 LaTeX kernel commands for general use (HO)
)
("C:/Users/porygon-z/AppData/Local/Programs/MiKTeX 2.9/tex/latex/pdftexcmds/pdf
texcmds.sty"
Package: pdftexcmds 2019/11/24 v0.31 Utility functions of pdfTeX for LuaTeX (HO)


("C:/Users/porygon-z/AppData/Local/Programs/MiKTeX 2.9/tex/generic/infwarerr/in
fwarerr.sty"
Package: infwarerr 2019/12/03 v1.5 Providing info/warning/error messages (HO)
)
Package pdftexcmds Info: \pdf@primitive is available.
Package pdftexcmds Info: \pdf@ifprimitive is available.
Package pdftexcmds Info: \pdfdraftmode found.
\pdftexcmds@toks=\toks16
)
("C:/Users/porygon-z/AppData/Local/Programs/MiKTeX 2.9/tex/generic/kvsetkeys/kv
setkeys.sty"
Package: kvsetkeys 2019/12/15 v1.18 Key value parser (HO)
)
("C:/Users/porygon-z/AppData/Local/Programs/MiKTeX 2.9/tex/generic/kvdefinekeys
/kvdefinekeys.sty"
Package: kvdefinekeys 2019-12-19 v1.6 Define keys (HO)
)
("C:/Users/porygon-z/AppData/Local/Programs/MiKTeX 2.9/tex/generic/pdfescape/pd
fescape.sty"
Package: pdfescape 2019/12/09 v1.15 Implements pdfTeX's escape features (HO)
)
("C:/Users/porygon-z/AppData/Local/Programs/MiKTeX 2.9/tex/latex/hycolor/hycolo
r.sty"
Package: hycolor 2020-01-27 v1.10 Color options for hyperref/bookmark (HO)
)
("C:/Users/porygon-z/AppData/Local/Programs/MiKTeX 2.9/tex/latex/letltxmacro/le
tltxmacro.sty"
Package: letltxmacro 2019/12/03 v1.6 Let assignment for LaTeX macros (HO)
)
("C:/Users/porygon-z/AppData/Local/Programs/MiKTeX 2.9/tex/latex/auxhook/auxhoo
k.sty"
Package: auxhook 2019-12-17 v1.6 Hooks for auxiliary files (HO)
)
("C:/Users/porygon-z/AppData/Local/Programs/MiKTeX 2.9/tex/latex/kvoptions/kvop
tions.sty"
Package: kvoptions 2019/11/29 v3.13 Key value format for package options (HO)
)
\@linkdim=\dimen111
\Hy@linkcounter=\count91
\Hy@pagecounter=\count92

("C:/Users/porygon-z/AppData/Local/Programs/MiKTeX 2.9/tex/latex/hyperref/pd1en
c.def"
File: pd1enc.def 2019/11/10 v7.00c Hyperref: PDFDocEncoding definition (HO)
)
("C:/Users/porygon-z/AppData/Local/Programs/MiKTeX 2.9/tex/generic/intcalc/intc
alc.sty"
Package: intcalc 2019/12/15 v1.3 Expandable calculations with integers (HO)
)
("C:/Users/porygon-z/AppData/Local/Programs/MiKTeX 2.9/tex/generic/etexcmds/ete
xcmds.sty"
Package: etexcmds 2019/12/15 v1.7 Avoid name clashes with e-TeX commands (HO)
)
\Hy@SavedSpaceFactor=\count93

("C:/Users/porygon-z/AppData/Local/Programs/MiKTeX 2.9/tex/latex/00miktex/hyper
ref.cfg"
File: hyperref.cfg 2002/06/06 v1.2 hyperref configuration of TeXLive
)
Package hyperref Info: Hyper figures OFF on input line 4535.
Package hyperref Info: Link nesting OFF on input line 4540.
Package hyperref Info: Hyper index ON on input line 4543.
Package hyperref Info: Plain pages OFF on input line 4550.
Package hyperref Info: Backreferencing OFF on input line 4555.
Package hyperref Info: Implicit mode ON; LaTeX internals redefined.
Package hyperref Info: Bookmarks ON on input line 4788.
\c@Hy@tempcnt=\count94

("C:/Users/porygon-z/AppData/Local/Programs/MiKTeX 2.9/tex/latex/url/url.sty"
\Urlmuskip=\muskip10
Package: url 2013/09/16  ver 3.4  Verb mode for urls, etc.
)
LaTeX Info: Redefining \url on input line 5147.
\XeTeXLinkMargin=\dimen112

("C:/Users/porygon-z/AppData/Local/Programs/MiKTeX 2.9/tex/generic/bitset/bitse
t.sty"
Package: bitset 2019/12/09 v1.3 Handle bit-vector datatype (HO)

("C:/Users/porygon-z/AppData/Local/Programs/MiKTeX 2.9/tex/generic/bigintcalc/b
igintcalc.sty"
Package: bigintcalc 2019/12/15 v1.5 Expandable calculations on big integers (HO)

))
\Fld@menulength=\count95
\Field@Width=\dimen113
\Fld@charsize=\dimen114
Package hyperref Info: Hyper figures OFF on input line 6418.
Package hyperref Info: Link nesting OFF on input line 6423.
Package hyperref Info: Hyper index ON on input line 6426.
Package hyperref Info: backreferencing OFF on input line 6433.
Package hyperref Info: Link coloring OFF on input line 6438.
Package hyperref Info: Link coloring with OCG OFF on input line 6443.
Package hyperref Info: PDF/A mode OFF on input line 6448.
LaTeX Info: Redefining \ref on input line 6488.
LaTeX Info: Redefining \pageref on input line 6492.

("C:/Users/porygon-z/AppData/Local/Programs/MiKTeX 2.9/tex/generic/atbegshi/atb
egshi.sty"
Package: atbegshi 2019/12/05 v1.19 At begin shipout hook (HO)
)
\Hy@abspage=\count96
\c@Item=\count97
\c@Hfootnote=\count98
)
Package hyperref Info: Driver (autodetected): hluatex.

("C:/Users/porygon-z/AppData/Local/Programs/MiKTeX 2.9/tex/latex/hyperref/hluat
ex.def"
File: hluatex.def 2019/11/10 v7.00c Hyperref driver for luaTeX

("C:/Users/porygon-z/AppData/Local/Programs/MiKTeX 2.9/tex/latex/hyperref/puenc
.def"
File: puenc.def 2019/11/10 v7.00c Hyperref: PDF Unicode definition (HO)
)
("C:/Users/porygon-z/AppData/Local/Programs/MiKTeX 2.9/tex/generic/stringenc/st
ringenc.sty"
Package: stringenc 2019/11/29 v1.12 Convert strings between diff. encodings (HO)

)
("C:/Users/porygon-z/AppData/Local/Programs/MiKTeX 2.9/tex/latex/atveryend/atve
ryend.sty"
Package: atveryend 2019-12-11 v1.11 Hooks at the very end of document (HO)
Package atveryend Info: \enddocument detected (standard20110627).
)
\Fld@listcount=\count99
\c@bookmark@seq@number=\count100

("C:/Users/porygon-z/AppData/Local/Programs/MiKTeX 2.9/tex/latex/rerunfilecheck
/rerunfilecheck.sty"
Package: rerunfilecheck 2019/12/05 v1.9 Rerun checks for auxiliary files (HO)

("C:/Users/porygon-z/AppData/Local/Programs/MiKTeX 2.9/tex/generic/uniquecounte
r/uniquecounter.sty"
Package: uniquecounter 2019/12/15 v1.4 Provide unlimited unique counter (HO)
)
Package uniquecounter Info: New unique counter `rerunfilecheck' on input line 28
6.
)
\Hy@SectionHShift=\skip43
)
("C:/Users/porygon-z/AppData/Local/Programs/MiKTeX 2.9/tex/latex/cite/cite.sty"
LaTeX Info: Redefining \cite on input line 302.
LaTeX Info: Redefining \nocite on input line 332.
Package: cite 2015/02/27  v 5.5
)
("C:/Users/porygon-z/AppData/Local/Programs/MiKTeX 2.9/tex/latex/xcolor/xcolor.
sty"
Package: xcolor 2016/05/11 v2.12 LaTeX color extensions (UK)

("C:/Users/porygon-z/AppData/Local/Programs/MiKTeX 2.9/tex/latex/graphics-cfg/c
olor.cfg"
File: color.cfg 2016/01/02 v1.6 sample color configuration
)
Package xcolor Info: Package option `usenames' ignored on input line 216.
Package xcolor Info: Driver file: luatex.def on input line 225.

("C:/Users/porygon-z/AppData/Local/Programs/MiKTeX 2.9/tex/latex/graphics-def/l
uatex.def"
File: luatex.def 2018/01/08 v1.0l Graphics/color driver for luatex
)
Package xcolor Info: Model `cmy' substituted by `cmy0' on input line 1348.
Package xcolor Info: Model `hsb' substituted by `rgb' on input line 1352.
Package xcolor Info: Model `RGB' extended on input line 1364.
Package xcolor Info: Model `HTML' substituted by `rgb' on input line 1366.
Package xcolor Info: Model `Hsb' substituted by `hsb' on input line 1367.
Package xcolor Info: Model `tHsb' substituted by `hsb' on input line 1368.
Package xcolor Info: Model `HSB' substituted by `hsb' on input line 1369.
Package xcolor Info: Model `Gray' substituted by `gray' on input line 1370.
Package xcolor Info: Model `wave' substituted by `hsb' on input line 1371.

("C:/Users/porygon-z/AppData/Local/Programs/MiKTeX 2.9/tex/latex/graphics/dvips
nam.def"
File: dvipsnam.def 2016/06/17 v3.0m Driver-dependent file (DPC,SPQR)
))
("C:/Users/porygon-z/AppData/Local/Programs/MiKTeX 2.9/tex/latex/fontspec/fonts
pec.sty"
("C:/Users/porygon-z/AppData/Local/Programs/MiKTeX 2.9/tex/latex/l3packages/xpa
rse/xparse.sty"
("C:/Users/porygon-z/AppData/Local/Programs/MiKTeX 2.9/tex/latex/l3kernel/expl3
.sty"
Package: expl3 2020-01-12 L3 programming layer (loader) 

("C:/Users/porygon-z/AppData/Local/Programs/MiKTeX 2.9/tex/latex/l3kernel/expl3
-code.tex"
Package: expl3 2020-01-12 L3 programming layer (code)
\c_max_int=\count101
\l_tmpa_int=\count102
\l_tmpb_int=\count103
\g_tmpa_int=\count104
\g_tmpb_int=\count105
\l__seq_internal_a_int=\count106
\l__seq_internal_b_int=\count107
\g__kernel_prg_map_int=\count108
\c__ior_term_noprompt_ior=\count109
\c_log_iow=\count110
\l_iow_line_count_int=\count111
\l__iow_line_target_int=\count112
\l__iow_one_indent_int=\count113
\l__iow_indent_int=\count114
\c_zero_dim=\dimen115
\c_max_dim=\dimen116
\l_tmpa_dim=\dimen117
\l_tmpb_dim=\dimen118
\g_tmpa_dim=\dimen119
\g_tmpb_dim=\dimen120
\c_zero_skip=\skip44
\c_max_skip=\skip45
\l_tmpa_skip=\skip46
\l_tmpb_skip=\skip47
\g_tmpa_skip=\skip48
\g_tmpb_skip=\skip49
\c_zero_muskip=\muskip11
\c_max_muskip=\muskip12
\l_tmpa_muskip=\muskip13
\l_tmpb_muskip=\muskip14
\g_tmpa_muskip=\muskip15
\g_tmpb_muskip=\muskip16
\l_keys_choice_int=\count115
\l__intarray_loop_int=\count116
\c__intarray_sp_dim=\dimen121
\g__intarray_font_int=\count117
\c__fp_leading_shift_int=\count118
\c__fp_middle_shift_int=\count119
\c__fp_trailing_shift_int=\count120
\c__fp_big_leading_shift_int=\count121
\c__fp_big_middle_shift_int=\count122
\c__fp_big_trailing_shift_int=\count123
\c__fp_Bigg_leading_shift_int=\count124
\c__fp_Bigg_middle_shift_int=\count125
\c__fp_Bigg_trailing_shift_int=\count126
\g__fp_array_int=\count127
\l__fp_array_loop_int=\count128
\l__sort_length_int=\count129
\l__sort_min_int=\count130
\l__sort_top_int=\count131
\l__sort_max_int=\count132
\l__sort_true_max_int=\count133
\l__sort_block_int=\count134
\l__sort_begin_int=\count135
\l__sort_end_int=\count136
\l__sort_A_int=\count137
\l__sort_B_int=\count138
\l__sort_C_int=\count139
\l__str_internal_int=\count140
\l__tl_analysis_normal_int=\count141
\l__tl_analysis_index_int=\count142
\l__tl_analysis_nesting_int=\count143
\l__tl_analysis_type_int=\count144
\l__regex_internal_a_int=\count145
\l__regex_internal_b_int=\count146
\l__regex_internal_c_int=\count147
\l__regex_balance_int=\count148
\l__regex_group_level_int=\count149
\l__regex_mode_int=\count150
\c__regex_cs_in_class_mode_int=\count151
\c__regex_cs_mode_int=\count152
\l__regex_catcodes_int=\count153
\l__regex_default_catcodes_int=\count154
\c__regex_catcode_L_int=\count155
\c__regex_catcode_O_int=\count156
\c__regex_catcode_A_int=\count157
\c__regex_all_catcodes_int=\count158
\l__regex_show_lines_int=\count159
\l__regex_min_state_int=\count160
\l__regex_max_state_int=\count161
\l__regex_left_state_int=\count162
\l__regex_right_state_int=\count163
\l__regex_capturing_group_int=\count164
\l__regex_min_pos_int=\count165
\l__regex_max_pos_int=\count166
\l__regex_curr_pos_int=\count167
\l__regex_start_pos_int=\count168
\l__regex_success_pos_int=\count169
\l__regex_curr_char_int=\count170
\l__regex_curr_catcode_int=\count171
\l__regex_last_char_int=\count172
\l__regex_case_changed_char_int=\count173
\l__regex_curr_state_int=\count174
\l__regex_step_int=\count175
\l__regex_min_active_int=\count176
\l__regex_max_active_int=\count177
\l__regex_replacement_csnames_int=\count178
\l__regex_match_count_int=\count179
\l__regex_min_submatch_int=\count180
\l__regex_submatch_int=\count181
\l__regex_zeroth_submatch_int=\count182
\g__regex_trace_regex_int=\count183
\c_empty_box=\box27
\l_tmpa_box=\box28
\l_tmpb_box=\box29
\g_tmpa_box=\box30
\g_tmpb_box=\box31
\l__box_top_dim=\dimen122
\l__box_bottom_dim=\dimen123
\l__box_left_dim=\dimen124
\l__box_right_dim=\dimen125
\l__box_top_new_dim=\dimen126
\l__box_bottom_new_dim=\dimen127
\l__box_left_new_dim=\dimen128
\l__box_right_new_dim=\dimen129
\l__box_internal_box=\box32
\l__coffin_internal_box=\box33
\l__coffin_internal_dim=\dimen130
\l__coffin_offset_x_dim=\dimen131
\l__coffin_offset_y_dim=\dimen132
\l__coffin_x_dim=\dimen133
\l__coffin_y_dim=\dimen134
\l__coffin_x_prime_dim=\dimen135
\l__coffin_y_prime_dim=\dimen136
\c_empty_coffin=\box34
\l__coffin_aligned_coffin=\box35
\l__coffin_aligned_internal_coffin=\box36
\l_tmpa_coffin=\box37
\l_tmpb_coffin=\box38
\g_tmpa_coffin=\box39
\g_tmpb_coffin=\box40
\l__coffin_bounding_shift_dim=\dimen137
\l__coffin_left_corner_dim=\dimen138
\l__coffin_right_corner_dim=\dimen139
\l__coffin_bottom_corner_dim=\dimen140
\l__coffin_top_corner_dim=\dimen141
\l__coffin_scaled_total_height_dim=\dimen142
\l__coffin_scaled_width_dim=\dimen143
\c__coffin_empty_coffin=\box41
\l__coffin_display_coffin=\box42
\l__coffin_display_coord_coffin=\box43
\l__coffin_display_pole_coffin=\box44
\l__coffin_display_offset_dim=\dimen144
\l__coffin_display_x_dim=\dimen145
\l__coffin_display_y_dim=\dimen146
\g__char_data_ior=\read1

("C:/Users/porygon-z/AppData/Local/Programs/MiKTeX 2.9/tex/latex/l3kernel/l3dep
recation.def"
File: l3deprecation.def 2019-04-06 v L3 Deprecated functions
))
("C:/Users/porygon-z/AppData/Local/Programs/MiKTeX 2.9/tex/latex/l3backend/l3ba
ckend-pdfmode.def"
File: l3backend-pdfmode.def 2019-04-06 L3 backend support: PDF mode
\l__kernel_color_stack_int=\count184
\l__pdf_internal_box=\box45
))
Package: xparse 2020-01-12 L3 Experimental document command parser
\l__xparse_current_arg_int=\count185
\g__xparse_grabber_int=\count186
\l__xparse_m_args_int=\count187
\l__xparse_v_nesting_int=\count188
)
Package: fontspec 2020/01/09 v2.7e Font selection for XeLaTeX and LuaLaTeX
Lua module: fontspec 2020/01/09 2.7e Font selection for XeLaTeX and LuaLaTeX
("C:/Users/porygon-z/AppData/Local/Programs/MiKTeX 2.9/tex/latex/fontspec/fonts
pec-luatex.sty"
Package: fontspec-luatex 2020/01/09 v2.7e Font selection for XeLaTeX and LuaLaTe
X
\l__fontspec_script_int=\count189
\l__fontspec_language_int=\count190
\l__fontspec_strnum_int=\count191
\l__fontspec_tmp_int=\count192
\l__fontspec_tmpa_int=\count193
\l__fontspec_tmpb_int=\count194
\l__fontspec_tmpc_int=\count195
\l__fontspec_em_int=\count196
\l__fontspec_emdef_int=\count197
\l__fontspec_strong_int=\count198
\l__fontspec_strongdef_int=\count199
\l__fontspec_tmpa_dim=\dimen147
\l__fontspec_tmpb_dim=\dimen148
\l__fontspec_tmpc_dim=\dimen149

("C:/Users/porygon-z/AppData/Local/Programs/MiKTeX 2.9/tex/latex/base/fontenc.s
ty"
Package: fontenc 2018/08/11 v2.0j Standard LaTeX package

("C:/Users/porygon-z/AppData/Local/Programs/MiKTeX 2.9/tex/latex/base/tuenc.def
"
File: tuenc.def 2018/08/11 v2.0j Standard LaTeX file
LaTeX Font Info:    Redeclaring font encoding TU on input line 82.
))
("C:/Users/porygon-z/AppData/Local/Programs/MiKTeX 2.9/tex/latex/fontspec/fonts
pec.cfg")
LaTeX Info: Redefining \itshape on input line 3858.
LaTeX Info: Redefining \slshape on input line 3858.
LaTeX Info: Redefining \scshape on input line 3858.
LaTeX Info: Redefining \upshape on input line 3858.
LaTeX Info: Redefining \em on input line 3858.
LaTeX Info: Redefining \emph on input line 3858.
))
luaotfload | db : Reload initiated (formats: otf,ttf,ttc); reason: "File not fou
nd: fonts/lato/Lato-Lig.".
luaotfload | aux : font no 30 (nil) does not define feature smcp for script latn
 with language dflt
luaotfload | aux : font no 31 (nil) does not define feature smcp for script latn
 with language dflt
luaotfload | aux : font no 32 (nil) does not define feature smcp for script latn
 with language dflt
luaotfload | aux : font no 33 (nil) does not define feature smcp for script latn
 with language dflt

Package fontspec Info: Font family 'Lato-Lig(0)' created for font 'Lato-Lig'
(fontspec)             with options [Ligatures=TeX,Color=primary,Path =
(fontspec)             fonts/lato/,BoldItalicFont=Lato-RegIta,BoldFont=Lato-Reg,
ItalicFont=Lato-LigIta].
(fontspec)              
(fontspec)              This font family consists of the following NFSS
(fontspec)             series/shapes:
(fontspec)              
(fontspec)             - 'normal' (m/n) with NFSS spec.:
(fontspec)             <->"[fonts/lato/Lato-Lig]:mode=node;script=latn;language=
DFLT;+tlig;color=2B2B2BFF
(fontspec)             ;"
(fontspec)             - 'small caps'  (m/sc) with NFSS spec.: 
(fontspec)             - 'bold' (bx/n) with NFSS spec.:
(fontspec)             <->"[fonts/lato/Lato-Reg]:mode=node;script=latn;language=
DFLT;+tlig;color=2B2B2BFF
(fontspec)             ;"
(fontspec)             - 'bold small caps'  (bx/sc) with NFSS spec.: 
(fontspec)             - 'italic' (m/it) with NFSS spec.:
(fontspec)             <->"[fonts/lato/Lato-LigIta]:mode=node;script=latn;langua
ge=DFLT;+tlig;color=2B2B2BFF
(fontspec)             ;"
(fontspec)             - 'italic small caps'  (m/scit) with NFSS spec.: 
(fontspec)             - 'bold italic' (bx/it) with NFSS spec.:
(fontspec)             <->"[fonts/lato/Lato-RegIta]:mode=node;script=latn;langua
ge=DFLT;+tlig;color=2B2B2BFF
(fontspec)             ;"
(fontspec)             - 'bold italic small caps'  (bx/scit) with NFSS spec.: 

Inserting `luaotfload.color_handler' at position 1 in `post_linebreak_filter'.
Inserting `luaotfload.color_handler' at position 2 in `hpack_filter'.
Inserting `luaotfload.color_handler' at position 1 in `mlist_to_hlist'.

Package fontspec Info: Raleway-ExtraLight scale = 0.9567325044675999.



Package fontspec Warning: Input mapping not supported in LuaTeX.
(fontspec)                 Use "Ligatures=TeX" instead of "Mapping=tex-text".


Package fontspec Info: Raleway-ExtraLight scale = 0.9567325044675999.


Package fontspec Info: Raleway-ExtraLight scale = 0.9567325044675999.


Package fontspec Info: Font family 'Raleway-ExtraLight(0)' created for font
(fontspec)             'Raleway-ExtraLight' with options
(fontspec)             [Ligatures=TeX,Scale=MatchLowercase,Mapping=tex-text,Path

(fontspec)             = fonts/raleway/].
(fontspec)              
(fontspec)              This font family consists of the following NFSS
(fontspec)             series/shapes:
(fontspec)              
(fontspec)             - 'normal' (m/n) with NFSS spec.:
(fontspec)             <->s*[0.9567325044675999]"[fonts/raleway/Raleway-ExtraLig
ht]:mode=node;script=latn;language=DFLT;+tlig;"
(fontspec)             - 'small caps'  (m/sc) with NFSS spec.:
(fontspec)             <->s*[0.9567325044675999]"[fonts/raleway/Raleway-ExtraLig
ht]:mode=node;script=latn;language=DFLT;+tlig;+smcp;"


("C:/Users/porygon-z/AppData/Local/Programs/MiKTeX 2.9/tex/latex/textpos/textpo
s.sty"
Package: textpos 2020/09/26 v1.10

Package: textpos 2020/09/26 1.10, absolute positioning of text on the page
Package textpos Info: choosing support for LaTeX2e on input line 61.

("C:/Users/porygon-z/AppData/Local/Programs/MiKTeX 2.9/tex/latex/ms/everyshi.st
y"
Package: everyshi 2001/05/15 v3.00 EveryShipout Package (MS)
)
\TP@textbox=\box46
\TP@holdbox=\box47
\TPHorizModule=\dimen150
\TPVertModule=\dimen151
\TP@margin=\dimen152
\TP@absmargin=\dimen153

Grid set 16 x 16 = 38.39343pt x 49.68562pt
\TPboxrulesize=\dimen154
\TP@ox=\dimen155
\TP@oy=\dimen156
\TP@tbargs=\toks17
TextBlockOrigin set to 0pt x 0pt
)
("C:/Users/porygon-z/AppData/Local/Programs/MiKTeX 2.9/tex/latex/isodate/isodat
e.sty"
Package: isodate 2010/01/03 v2.30 Print dates with different formats (HH)

("C:/Users/porygon-z/AppData/Local/Programs/MiKTeX 2.9/tex/latex/base/ifthen.st
y"
Package: ifthen 2014/09/29 v1.1c Standard LaTeX ifthen package (DPC)
)
("C:/Users/porygon-z/AppData/Local/Programs/MiKTeX 2.9/tex/latex/substr/substr.
sty"
Package: substr 2009/10/20 v1.2 Handle substrings
\c@su@anzahl=\count266
)
("C:/Users/porygon-z/AppData/Local/Programs/MiKTeX 2.9/tex/latex/isodate/englis
h.idf"
File: english.idf 2010/01/03 v2.30 Language definitions for isodate package (HH)


Define commands for English date format
)
\c@iso@tmpmonth=\count267
\c@iso@yeartwo=\count268
\c@iso@slash=\count269
\c@iso@minus=\count270
\c@iso@dot=\count271
\c@iso@@slash=\count272
\c@iso@@minus=\count273
\c@iso@@dot=\count274
)
("C:/Users/porygon-z/AppData/Local/Programs/MiKTeX 2.9/tex/latex/graphics/graph
icx.sty"
Package: graphicx 2017/06/01 v1.1a Enhanced LaTeX Graphics (DPC,SPQR)

("C:/Users/porygon-z/AppData/Local/Programs/MiKTeX 2.9/tex/latex/graphics/graph
ics.sty"
Package: graphics 2019/11/01 v1.3d Standard LaTeX Graphics (DPC,SPQR)

("C:/Users/porygon-z/AppData/Local/Programs/MiKTeX 2.9/tex/latex/graphics/trig.
sty"
Package: trig 2016/01/03 v1.10 sin cos tan (DPC)
)
("C:/Users/porygon-z/AppData/Local/Programs/MiKTeX 2.9/tex/latex/graphics-cfg/g
raphics.cfg"
File: graphics.cfg 2016/06/04 v1.11 sample graphics configuration
)
Package graphics Info: Driver file: luatex.def on input line 105.
)
\Gin@req@height=\dimen157
\Gin@req@width=\dimen158
)
("C:/Users/porygon-z/AppData/Local/Programs/MiKTeX 2.9/tex/latex/pgf/frontendla
yer/tikz.sty"
("C:/Users/porygon-z/AppData/Local/Programs/MiKTeX 2.9/tex/latex/pgf/basiclayer
/pgf.sty"
("C:/Users/porygon-z/AppData/Local/Programs/MiKTeX 2.9/tex/latex/pgf/utilities/
pgfrcs.sty"
("C:/Users/porygon-z/AppData/Local/Programs/MiKTeX 2.9/tex/generic/pgf/utilitie
s/pgfutil-common.tex"
\pgfutil@everybye=\toks18
\pgfutil@tempdima=\dimen159
\pgfutil@tempdimb=\dimen160

("C:/Users/porygon-z/AppData/Local/Programs/MiKTeX 2.9/tex/generic/pgf/utilitie
s/pgfutil-common-lists.tex"))
("C:/Users/porygon-z/AppData/Local/Programs/MiKTeX 2.9/tex/generic/pgf/utilitie
s/pgfutil-latex.def"
\pgfutil@abb=\box48
)
("C:/Users/porygon-z/AppData/Local/Programs/MiKTeX 2.9/tex/generic/pgf/utilitie
s/pgfrcs.code.tex"
("C:/Users/porygon-z/AppData/Local/Programs/MiKTeX 2.9/tex/generic/pgf/pgf.revi
sion.tex")
Package: pgfrcs 2020/01/08 v3.1.5b (3.1.5b)
))
Package: pgf 2020/01/08 v3.1.5b (3.1.5b)

("C:/Users/porygon-z/AppData/Local/Programs/MiKTeX 2.9/tex/latex/pgf/basiclayer
/pgfcore.sty"
("C:/Users/porygon-z/AppData/Local/Programs/MiKTeX 2.9/tex/latex/pgf/systemlaye
r/pgfsys.sty"
("C:/Users/porygon-z/AppData/Local/Programs/MiKTeX 2.9/tex/generic/pgf/systemla
yer/pgfsys.code.tex"
Package: pgfsys 2020/01/08 v3.1.5b (3.1.5b)

("C:/Users/porygon-z/AppData/Local/Programs/MiKTeX 2.9/tex/generic/pgf/utilitie
s/pgfkeys.code.tex"
\pgfkeys@pathtoks=\toks19
\pgfkeys@temptoks=\toks20

("C:/Users/porygon-z/AppData/Local/Programs/MiKTeX 2.9/tex/generic/pgf/utilitie
s/pgfkeysfiltered.code.tex"
\pgfkeys@tmptoks=\toks21
))
\pgf@x=\dimen161
\pgf@y=\dimen162
\pgf@xa=\dimen163
\pgf@ya=\dimen164
\pgf@xb=\dimen165
\pgf@yb=\dimen166
\pgf@xc=\dimen167
\pgf@yc=\dimen168
\pgf@xd=\dimen169
\pgf@yd=\dimen170
\w@pgf@writea=\write3
\r@pgf@reada=\read2
\c@pgf@counta=\count275
\c@pgf@countb=\count276
\c@pgf@countc=\count277
\c@pgf@countd=\count278
\t@pgf@toka=\toks22
\t@pgf@tokb=\toks23
\t@pgf@tokc=\toks24
\pgf@sys@id@count=\count279

("C:/Users/porygon-z/AppData/Local/Programs/MiKTeX 2.9/tex/generic/pgf/systemla
yer/pgf.cfg"
File: pgf.cfg 2020/01/08 v3.1.5b (3.1.5b)
)
Driver file for pgf: pgfsys-luatex.def

("C:/Users/porygon-z/AppData/Local/Programs/MiKTeX 2.9/tex/generic/pgf/systemla
yer/pgfsys-luatex.def"
File: pgfsys-luatex.def 2020/01/08 v3.1.5b (3.1.5b)

("C:/Users/porygon-z/AppData/Local/Programs/MiKTeX 2.9/tex/generic/pgf/systemla
yer/pgfsys-common-pdf.def"
File: pgfsys-common-pdf.def 2020/01/08 v3.1.5b (3.1.5b)
)))
("C:/Users/porygon-z/AppData/Local/Programs/MiKTeX 2.9/tex/generic/pgf/systemla
yer/pgfsyssoftpath.code.tex"
File: pgfsyssoftpath.code.tex 2020/01/08 v3.1.5b (3.1.5b)
\pgfsyssoftpath@smallbuffer@items=\count280
\pgfsyssoftpath@bigbuffer@items=\count281
)
("C:/Users/porygon-z/AppData/Local/Programs/MiKTeX 2.9/tex/generic/pgf/systemla
yer/pgfsysprotocol.code.tex"
File: pgfsysprotocol.code.tex 2020/01/08 v3.1.5b (3.1.5b)
))
("C:/Users/porygon-z/AppData/Local/Programs/MiKTeX 2.9/tex/generic/pgf/basiclay
er/pgfcore.code.tex"
Package: pgfcore 2020/01/08 v3.1.5b (3.1.5b)

("C:/Users/porygon-z/AppData/Local/Programs/MiKTeX 2.9/tex/generic/pgf/math/pgf
math.code.tex"
("C:/Users/porygon-z/AppData/Local/Programs/MiKTeX 2.9/tex/generic/pgf/math/pgf
mathcalc.code.tex"
("C:/Users/porygon-z/AppData/Local/Programs/MiKTeX 2.9/tex/generic/pgf/math/pgf
mathutil.code.tex")
("C:/Users/porygon-z/AppData/Local/Programs/MiKTeX 2.9/tex/generic/pgf/math/pgf
mathparser.code.tex"
\pgfmath@dimen=\dimen171
\pgfmath@count=\count282
\pgfmath@box=\box49
\pgfmath@toks=\toks25
\pgfmath@stack@operand=\toks26
\pgfmath@stack@operation=\toks27
)
("C:/Users/porygon-z/AppData/Local/Programs/MiKTeX 2.9/tex/generic/pgf/math/pgf
mathfunctions.code.tex"
("C:/Users/porygon-z/AppData/Local/Programs/MiKTeX 2.9/tex/generic/pgf/math/pgf
mathfunctions.basic.code.tex")
("C:/Users/porygon-z/AppData/Local/Programs/MiKTeX 2.9/tex/generic/pgf/math/pgf
mathfunctions.trigonometric.code.tex")
("C:/Users/porygon-z/AppData/Local/Programs/MiKTeX 2.9/tex/generic/pgf/math/pgf
mathfunctions.random.code.tex")
("C:/Users/porygon-z/AppData/Local/Programs/MiKTeX 2.9/tex/generic/pgf/math/pgf
mathfunctions.comparison.code.tex")
("C:/Users/porygon-z/AppData/Local/Programs/MiKTeX 2.9/tex/generic/pgf/math/pgf
mathfunctions.base.code.tex")
("C:/Users/porygon-z/AppData/Local/Programs/MiKTeX 2.9/tex/generic/pgf/math/pgf
mathfunctions.round.code.tex")
("C:/Users/porygon-z/AppData/Local/Programs/MiKTeX 2.9/tex/generic/pgf/math/pgf
mathfunctions.misc.code.tex")
("C:/Users/porygon-z/AppData/Local/Programs/MiKTeX 2.9/tex/generic/pgf/math/pgf
mathfunctions.integerarithmetics.code.tex")))
("C:/Users/porygon-z/AppData/Local/Programs/MiKTeX 2.9/tex/generic/pgf/math/pgf
mathfloat.code.tex"
\c@pgfmathroundto@lastzeros=\count283
))
("C:/Users/porygon-z/AppData/Local/Programs/MiKTeX 2.9/tex/generic/pgf/math/pgf
int.code.tex")
("C:/Users/porygon-z/AppData/Local/Programs/MiKTeX 2.9/tex/generic/pgf/basiclay
er/pgfcorepoints.code.tex"
File: pgfcorepoints.code.tex 2020/01/08 v3.1.5b (3.1.5b)
\pgf@picminx=\dimen172
\pgf@picmaxx=\dimen173
\pgf@picminy=\dimen174
\pgf@picmaxy=\dimen175
\pgf@pathminx=\dimen176
\pgf@pathmaxx=\dimen177
\pgf@pathminy=\dimen178
\pgf@pathmaxy=\dimen179
\pgf@xx=\dimen180
\pgf@xy=\dimen181
\pgf@yx=\dimen182
\pgf@yy=\dimen183
\pgf@zx=\dimen184
\pgf@zy=\dimen185
)
("C:/Users/porygon-z/AppData/Local/Programs/MiKTeX 2.9/tex/generic/pgf/basiclay
er/pgfcorepathconstruct.code.tex"
File: pgfcorepathconstruct.code.tex 2020/01/08 v3.1.5b (3.1.5b)
\pgf@path@lastx=\dimen186
\pgf@path@lasty=\dimen187
)
("C:/Users/porygon-z/AppData/Local/Programs/MiKTeX 2.9/tex/generic/pgf/basiclay
er/pgfcorepathusage.code.tex"
File: pgfcorepathusage.code.tex 2020/01/08 v3.1.5b (3.1.5b)
\pgf@shorten@end@additional=\dimen188
\pgf@shorten@start@additional=\dimen189
)
("C:/Users/porygon-z/AppData/Local/Programs/MiKTeX 2.9/tex/generic/pgf/basiclay
er/pgfcorescopes.code.tex"
File: pgfcorescopes.code.tex 2020/01/08 v3.1.5b (3.1.5b)
\pgfpic=\box50
\pgf@hbox=\box51
\pgf@layerbox@main=\box52
\pgf@picture@serial@count=\count284
)
("C:/Users/porygon-z/AppData/Local/Programs/MiKTeX 2.9/tex/generic/pgf/basiclay
er/pgfcoregraphicstate.code.tex"
File: pgfcoregraphicstate.code.tex 2020/01/08 v3.1.5b (3.1.5b)
\pgflinewidth=\dimen190
)
("C:/Users/porygon-z/AppData/Local/Programs/MiKTeX 2.9/tex/generic/pgf/basiclay
er/pgfcoretransformations.code.tex"
File: pgfcoretransformations.code.tex 2020/01/08 v3.1.5b (3.1.5b)
\pgf@pt@x=\dimen191
\pgf@pt@y=\dimen192
\pgf@pt@temp=\dimen193
)
("C:/Users/porygon-z/AppData/Local/Programs/MiKTeX 2.9/tex/generic/pgf/basiclay
er/pgfcorequick.code.tex"
File: pgfcorequick.code.tex 2020/01/08 v3.1.5b (3.1.5b)
)
("C:/Users/porygon-z/AppData/Local/Programs/MiKTeX 2.9/tex/generic/pgf/basiclay
er/pgfcoreobjects.code.tex"
File: pgfcoreobjects.code.tex 2020/01/08 v3.1.5b (3.1.5b)
)
("C:/Users/porygon-z/AppData/Local/Programs/MiKTeX 2.9/tex/generic/pgf/basiclay
er/pgfcorepathprocessing.code.tex"
File: pgfcorepathprocessing.code.tex 2020/01/08 v3.1.5b (3.1.5b)
)
("C:/Users/porygon-z/AppData/Local/Programs/MiKTeX 2.9/tex/generic/pgf/basiclay
er/pgfcorearrows.code.tex"
File: pgfcorearrows.code.tex 2020/01/08 v3.1.5b (3.1.5b)
\pgfarrowsep=\dimen194
)
("C:/Users/porygon-z/AppData/Local/Programs/MiKTeX 2.9/tex/generic/pgf/basiclay
er/pgfcoreshade.code.tex"
File: pgfcoreshade.code.tex 2020/01/08 v3.1.5b (3.1.5b)
\pgf@max=\dimen195
\pgf@sys@shading@range@num=\count285
\pgf@shadingcount=\count286
)
("C:/Users/porygon-z/AppData/Local/Programs/MiKTeX 2.9/tex/generic/pgf/basiclay
er/pgfcoreimage.code.tex"
File: pgfcoreimage.code.tex 2020/01/08 v3.1.5b (3.1.5b)

("C:/Users/porygon-z/AppData/Local/Programs/MiKTeX 2.9/tex/generic/pgf/basiclay
er/pgfcoreexternal.code.tex"
File: pgfcoreexternal.code.tex 2020/01/08 v3.1.5b (3.1.5b)
\pgfexternal@startupbox=\box53
))
("C:/Users/porygon-z/AppData/Local/Programs/MiKTeX 2.9/tex/generic/pgf/basiclay
er/pgfcorelayers.code.tex"
File: pgfcorelayers.code.tex 2020/01/08 v3.1.5b (3.1.5b)
)
("C:/Users/porygon-z/AppData/Local/Programs/MiKTeX 2.9/tex/generic/pgf/basiclay
er/pgfcoretransparency.code.tex"
File: pgfcoretransparency.code.tex 2020/01/08 v3.1.5b (3.1.5b)
)
("C:/Users/porygon-z/AppData/Local/Programs/MiKTeX 2.9/tex/generic/pgf/basiclay
er/pgfcorepatterns.code.tex"
File: pgfcorepatterns.code.tex 2020/01/08 v3.1.5b (3.1.5b)
)
("C:/Users/porygon-z/AppData/Local/Programs/MiKTeX 2.9/tex/generic/pgf/basiclay
er/pgfcorerdf.code.tex"
File: pgfcorerdf.code.tex 2020/01/08 v3.1.5b (3.1.5b)
)))
("C:/Users/porygon-z/AppData/Local/Programs/MiKTeX 2.9/tex/generic/pgf/modules/
pgfmoduleshapes.code.tex"
File: pgfmoduleshapes.code.tex 2020/01/08 v3.1.5b (3.1.5b)
\pgfnodeparttextbox=\box54
)
("C:/Users/porygon-z/AppData/Local/Programs/MiKTeX 2.9/tex/generic/pgf/modules/
pgfmoduleplot.code.tex"
File: pgfmoduleplot.code.tex 2020/01/08 v3.1.5b (3.1.5b)
)
("C:/Users/porygon-z/AppData/Local/Programs/MiKTeX 2.9/tex/latex/pgf/compatibil
ity/pgfcomp-version-0-65.sty"
Package: pgfcomp-version-0-65 2020/01/08 v3.1.5b (3.1.5b)
\pgf@nodesepstart=\dimen196
\pgf@nodesepend=\dimen197
)
("C:/Users/porygon-z/AppData/Local/Programs/MiKTeX 2.9/tex/latex/pgf/compatibil
ity/pgfcomp-version-1-18.sty"
Package: pgfcomp-version-1-18 2020/01/08 v3.1.5b (3.1.5b)
))
("C:/Users/porygon-z/AppData/Local/Programs/MiKTeX 2.9/tex/latex/pgf/utilities/
pgffor.sty"
("C:/Users/porygon-z/AppData/Local/Programs/MiKTeX 2.9/tex/latex/pgf/utilities/
pgfkeys.sty"
("C:/Users/porygon-z/AppData/Local/Programs/MiKTeX 2.9/tex/generic/pgf/utilitie
s/pgfkeys.code.tex"))
("C:/Users/porygon-z/AppData/Local/Programs/MiKTeX 2.9/tex/latex/pgf/math/pgfma
th.sty"
("C:/Users/porygon-z/AppData/Local/Programs/MiKTeX 2.9/tex/generic/pgf/math/pgf
math.code.tex"))
("C:/Users/porygon-z/AppData/Local/Programs/MiKTeX 2.9/tex/generic/pgf/utilitie
s/pgffor.code.tex"
Package: pgffor 2020/01/08 v3.1.5b (3.1.5b)

("C:/Users/porygon-z/AppData/Local/Programs/MiKTeX 2.9/tex/generic/pgf/math/pgf
math.code.tex")
\pgffor@iter=\dimen198
\pgffor@skip=\dimen199
\pgffor@stack=\toks28
\pgffor@toks=\toks29
))
("C:/Users/porygon-z/AppData/Local/Programs/MiKTeX 2.9/tex/generic/pgf/frontend
layer/tikz/tikz.code.tex"
Package: tikz 2020/01/08 v3.1.5b (3.1.5b)

("C:/Users/porygon-z/AppData/Local/Programs/MiKTeX 2.9/tex/generic/pgf/librarie
s/pgflibraryplothandlers.code.tex"
File: pgflibraryplothandlers.code.tex 2020/01/08 v3.1.5b (3.1.5b)
\pgf@plot@mark@count=\count287
\pgfplotmarksize=\dimen256
)
\tikz@lastx=\dimen257
\tikz@lasty=\dimen258
\tikz@lastxsaved=\dimen259
\tikz@lastysaved=\dimen260
\tikz@lastmovetox=\dimen261
\tikz@lastmovetoy=\dimen262
\tikzleveldistance=\dimen263
\tikzsiblingdistance=\dimen264
\tikz@figbox=\box55
\tikz@figbox@bg=\box56
\tikz@tempbox=\box57
\tikz@tempbox@bg=\box58
\tikztreelevel=\count288
\tikznumberofchildren=\count289
\tikznumberofcurrentchild=\count290
\tikz@fig@count=\count291

("C:/Users/porygon-z/AppData/Local/Programs/MiKTeX 2.9/tex/generic/pgf/modules/
pgfmodulematrix.code.tex"
File: pgfmodulematrix.code.tex 2020/01/08 v3.1.5b (3.1.5b)
\pgfmatrixcurrentrow=\count292
\pgfmatrixcurrentcolumn=\count293
\pgf@matrix@numberofcolumns=\count294
)
\tikz@expandcount=\count295

("C:/Users/porygon-z/AppData/Local/Programs/MiKTeX 2.9/tex/generic/pgf/frontend
layer/tikz/libraries/tikzlibrarytopaths.code.tex"
File: tikzlibrarytopaths.code.tex 2020/01/08 v3.1.5b (3.1.5b)
)))
("C:/Users/porygon-z/AppData/Local/Programs/MiKTeX 2.9/tex/latex/scalerel/scale
rel.sty"
Package: scalerel 2016/12/29 v1.8 Routines for constrained scaling and stretchin
g of objects, relative to a reference object or in absolute terms

("C:/Users/porygon-z/AppData/Local/Programs/MiKTeX 2.9/tex/latex/tools/calc.sty
"
Package: calc 2017/05/25 v4.3 Infix arithmetic (KKT,FJ)
\calc@Acount=\count296
\calc@Bcount=\count297
\calc@Adimen=\dimen265
\calc@Bdimen=\dimen266
\calc@Askip=\skip50
\calc@Bskip=\skip51
LaTeX Info: Redefining \setlength on input line 80.
LaTeX Info: Redefining \addtolength on input line 81.
\calc@Ccount=\count298
\calc@Cskip=\skip52
)
("C:/Users/porygon-z/AppData/Local/Programs/MiKTeX 2.9/tex/latex/etoolbox/etool
box.sty"
Package: etoolbox 2019/09/21 v2.5h e-TeX tools for LaTeX (JAW)
\etb@tempcnta=\count299
)
\thesrwidth=\skip53
\thesrheight=\skip54
\srblobheight=\skip55
\srblobdepth=\skip56
\mnxsrwidth=\skip57
\LMex=\skip58
\LMpt=\skip59
)
("C:/Users/porygon-z/AppData/Local/Programs/MiKTeX 2.9/tex/latex/fontawesome5/f
ontawesome5.sty"
Package: fontawesome5 2022/05/02 v5.15.4 Font Awesome 5

("C:/Users/porygon-z/AppData/Local/Programs/MiKTeX 2.9/tex/latex/l3packages/l3k
eys2e/l3keys2e.sty"
Package: l3keys2e 2020-01-12 LaTeX2e option processing using LaTeX3 keys
)
("C:/Users/porygon-z/AppData/Local/Programs/MiKTeX 2.9/tex/latex/fontawesome5/f
ontawesome5-utex-helper.sty"
Package: fontawesome5-utex-helper 2022/05/02 v5.15.4 uTeX helper for fontawesome
5

("C:/Users/porygon-z/AppData/Local/Programs/MiKTeX 2.9/tex/luatex/luatexbase/lu
atexbase.sty"
Package: luatexbase 2015/10/04 v1.3 luatexbase interface to LuaTeX 

("C:/Users/porygon-z/AppData/Local/Programs/MiKTeX 2.9/tex/luatex/ctablestack/c
tablestack.sty"
Package: ctablestack 2015/10/01 v1.0 Catcode table stable support
\@catcodetablestackcnt=\count300
)
\CatcodeTableOther=\catcodetable5
\CatcodeTableExpl=\catcodetable6
)
LaTeX Font Info:    Trying to load font information for TU+fontawesomefree on in
put line 69.

("C:/Users/porygon-z/AppData/Local/Programs/MiKTeX 2.9/tex/latex/fontawesome5/t
ufontawesomefree.fd")
LaTeX Font Info:    Trying to load font information for TU+fontawesomebrands on 
input line 70.

("C:/Users/porygon-z/AppData/Local/Programs/MiKTeX 2.9/tex/latex/fontawesome5/t
ufontawesomebrands.fd")))
("C:/Users/porygon-z/AppData/Local/Programs/MiKTeX 2.9/tex/generic/pgf/frontend
layer/tikz/libraries/tikzlibrarysvg.path.code.tex"
File: tikzlibrarysvg.path.code.tex 2020/01/08 v3.1.5b (3.1.5b)

("C:/Users/porygon-z/AppData/Local/Programs/MiKTeX 2.9/tex/generic/pgf/librarie
s/pgflibrarysvg.path.code.tex"
File: pgflibrarysvg.path.code.tex 2020/01/08 v3.1.5b (3.1.5b)

("C:/Users/porygon-z/AppData/Local/Programs/MiKTeX 2.9/tex/generic/pgf/modules/
pgfmoduleparser.code.tex"
File: pgfmoduleparser.code.tex 2020/01/08 v3.1.5b (3.1.5b)
\pgfparserdef@arg@count=\count301
)
\pgf@lib@svg@last@x=\dimen267
\pgf@lib@svg@last@y=\dimen268
\pgf@lib@svg@last@c@x=\dimen269
\pgf@lib@svg@last@c@y=\dimen270
\pgf@lib@svg@count=\count302
\pgf@lib@svg@max@num=\count303
))
("C:/Users/porygon-z/AppData/Local/Programs/MiKTeX 2.9/tex/latex/titlesec/title
sec.sty"
Package: titlesec 2019/10/16 v2.13 Sectioning titles
\ttl@box=\box59
\beforetitleunit=\skip60
\aftertitleunit=\skip61
\ttl@plus=\dimen271
\ttl@minus=\dimen272
\ttl@toksa=\toks30
\titlewidth=\dimen273
\titlewidthlast=\dimen274
\titlewidthfirst=\dimen275
)) (./deedy_resume-openfont.aux)
\openout1 = deedy_resume-openfont.aux

LaTeX Font Info:    Checking defaults for OML/cmm/m/it on input line 49.
LaTeX Font Info:    ... okay on input line 49.
LaTeX Font Info:    Checking defaults for T1/cmr/m/n on input line 49.
LaTeX Font Info:    ... okay on input line 49.
LaTeX Font Info:    Checking defaults for OT1/cmr/m/n on input line 49.
LaTeX Font Info:    ... okay on input line 49.
LaTeX Font Info:    Checking defaults for OMS/cmsy/m/n on input line 49.
LaTeX Font Info:    ... okay on input line 49.
LaTeX Font Info:    Checking defaults for TU/lmr/m/n on input line 49.
LaTeX Font Info:    ... okay on input line 49.
LaTeX Font Info:    Checking defaults for OMX/cmex/m/n on input line 49.
LaTeX Font Info:    ... okay on input line 49.
LaTeX Font Info:    Checking defaults for U/cmr/m/n on input line 49.
LaTeX Font Info:    ... okay on input line 49.
LaTeX Font Info:    Checking defaults for PD1/pdf/m/n on input line 49.
LaTeX Font Info:    ... okay on input line 49.
LaTeX Font Info:    Checking defaults for PU/pdf/m/n on input line 49.
LaTeX Font Info:    ... okay on input line 49.

*geometry* driver: auto-detecting
*geometry* detected driver: luatex
*geometry* verbose mode - [ preamble ] result:
* driver: luatex
* paper: <default>
* layout: <same size as paper>
* layoutoffset:(h,v)=(0.0pt,0.0pt)
* modes: 
* h-part:(L,W,R)=(35.56593pt, 543.16313pt, 35.56593pt)
* v-part:(T,H,B)=(21.33955pt, 752.29088pt, 21.33955pt)
* \paperwidth=614.295pt
* \paperheight=794.96999pt
* \textwidth=543.16313pt
* \textheight=752.29088pt
* \oddsidemargin=-36.70406pt
* \evensidemargin=-36.70406pt
* \topmargin=-87.93044pt
* \headheight=12.0pt
* \headsep=25.0pt
* \topskip=10.0pt
* \footskip=30.0pt
* \marginparwidth=65.0pt
* \marginparsep=11.0pt
* \columnsep=10.0pt
* \skip\footins=9.0pt plus 4.0pt minus 2.0pt
* \hoffset=0.0pt
* \voffset=0.0pt
* \mag=1000
* \@twocolumnfalse
* \@twosidefalse
* \@mparswitchfalse
* \@reversemarginfalse
* (1in=72.27pt=25.4mm, 1cm=28.453pt)

\AtBeginShipoutBox=\box60
Package hyperref Info: Link coloring OFF on input line 49.

("C:/Users/porygon-z/AppData/Local/Programs/MiKTeX 2.9/tex/latex/hyperref/namer
ef.sty"
Package: nameref 2019/09/16 v2.46 Cross-referencing by name of section

("C:/Users/porygon-z/AppData/Local/Programs/MiKTeX 2.9/tex/latex/refcount/refco
unt.sty"
Package: refcount 2019/12/15 v3.6 Data extraction from label references (HO)
)
("C:/Users/porygon-z/AppData/Local/Programs/MiKTeX 2.9/tex/generic/gettitlestri
ng/gettitlestring.sty"
Package: gettitlestring 2019/12/15 v1.6 Cleanup title references (HO)
)
\c@section@level=\count304
)
LaTeX Info: Redefining \ref on input line 49.
LaTeX Info: Redefining \pageref on input line 49.
LaTeX Info: Redefining \nameref on input line 49.
 (./deedy_resume-openfont.out)
(./deedy_resume-openfont.out)
\@outlinefile=\write4

\openout4 = deedy_resume-openfont.out

("C:/Users/porygon-z/AppData/Local/Programs/MiKTeX 2.9/tex/context/base/mkii/su
pp-pdf.mkii"
[Loading MPS to PDF converter (version 2006.09.02).]
\scratchcounter=\count305
\scratchdimen=\dimen276
\scratchbox=\box61
\nofMPsegments=\count306
\nofMParguments=\count307
\everyMPshowfont=\toks31
\MPscratchCnt=\count308
\MPscratchDim=\dimen277
\MPnumerator=\count309
\makeMPintoPDFobject=\count310
\everyMPtoPDFconversion=\toks32
)
("C:/Users/porygon-z/AppData/Local/Programs/MiKTeX 2.9/tex/latex/epstopdf-pkg/e
pstopdf-base.sty"
Package: epstopdf-base 2019-12-09 v2.10 Base part for package epstopdf
Package epstopdf-base Info: Redefining graphics rule for `.eps' on input line 48
5.
)

Package fontspec Info: Adjusting the maths setup (use [no-math] to avoid
(fontspec)             this).

\symlegacymaths=\mathgroup4
LaTeX Font Info:    Overwriting symbol font `legacymaths' in version `bold'
(Font)                  OT1/cmr/m/n --> OT1/cmr/bx/n on input line 49.
LaTeX Font Info:    Redeclaring math accent \acute on input line 49.
LaTeX Font Info:    Redeclaring math accent \grave on input line 49.
LaTeX Font Info:    Redeclaring math accent \ddot on input line 49.
LaTeX Font Info:    Redeclaring math accent \tilde on input line 49.
LaTeX Font Info:    Redeclaring math accent \bar on input line 49.
LaTeX Font Info:    Redeclaring math accent \breve on input line 49.
LaTeX Font Info:    Redeclaring math accent \check on input line 49.
LaTeX Font Info:    Redeclaring math accent \hat on input line 49.
LaTeX Font Info:    Redeclaring math accent \dot on input line 49.
LaTeX Font Info:    Redeclaring math accent \mathring on input line 49.
LaTeX Font Info:    Redeclaring math symbol \colon on input line 49.
LaTeX Font Info:    Redeclaring math symbol \Gamma on input line 49.
LaTeX Font Info:    Redeclaring math symbol \Delta on input line 49.
LaTeX Font Info:    Redeclaring math symbol \Theta on input line 49.
LaTeX Font Info:    Redeclaring math symbol \Lambda on input line 49.
LaTeX Font Info:    Redeclaring math symbol \Xi on input line 49.
LaTeX Font Info:    Redeclaring math symbol \Pi on input line 49.
LaTeX Font Info:    Redeclaring math symbol \Sigma on input line 49.
LaTeX Font Info:    Redeclaring math symbol \Upsilon on input line 49.
LaTeX Font Info:    Redeclaring math symbol \Phi on input line 49.
LaTeX Font Info:    Redeclaring math symbol \Psi on input line 49.
LaTeX Font Info:    Redeclaring math symbol \Omega on input line 49.
LaTeX Font Info:    Redeclaring math symbol \mathdollar on input line 49.
LaTeX Font Info:    Redeclaring symbol font `operators' on input line 49.
LaTeX Font Info:    Encoding `OT1' has changed to `TU' for symbol font
(Font)              `operators' in the math version `normal' on input line 49.
LaTeX Font Info:    Overwriting symbol font `operators' in version `normal'
(Font)                  OT1/cmr/m/n --> TU/Lato-Lig(0)/m/n on input line 49.
LaTeX Font Info:    Encoding `OT1' has changed to `TU' for symbol font
(Font)              `operators' in the math version `bold' on input line 49.
LaTeX Font Info:    Overwriting symbol font `operators' in version `bold'
(Font)                  OT1/cmr/bx/n --> TU/Lato-Lig(0)/m/n on input line 49.
LaTeX Font Info:    Overwriting symbol font `operators' in version `normal'
(Font)                  TU/Lato-Lig(0)/m/n --> TU/Lato-Lig(0)/m/n on input line 
49.
LaTeX Font Info:    Overwriting math alphabet `\mathit' in version `normal'
(Font)                  OT1/cmr/m/it --> TU/Lato-Lig(0)/m/it on input line 49.
LaTeX Font Info:    Overwriting math alphabet `\mathbf' in version `normal'
(Font)                  OT1/cmr/bx/n --> TU/Lato-Lig(0)/bx/n on input line 49.
LaTeX Font Info:    Overwriting math alphabet `\mathsf' in version `normal'
(Font)                  OT1/cmss/m/n --> TU/Raleway-ExtraLight(0)/m/n on input l
ine 49.
LaTeX Font Info:    Overwriting math alphabet `\mathtt' in version `normal'
(Font)                  OT1/cmtt/m/n --> TU/lmtt/m/n on input line 49.
LaTeX Font Info:    Overwriting symbol font `operators' in version `bold'
(Font)                  TU/Lato-Lig(0)/m/n --> TU/Lato-Lig(0)/bx/n on input line
 49.
LaTeX Font Info:    Overwriting math alphabet `\mathit' in version `bold'
(Font)                  OT1/cmr/bx/it --> TU/Lato-Lig(0)/bx/it on input line 49.

LaTeX Font Info:    Overwriting math alphabet `\mathsf' in version `bold'
(Font)                  OT1/cmss/bx/n --> TU/Raleway-ExtraLight(0)/bx/n on input
 line 49.
LaTeX Font Info:    Overwriting math alphabet `\mathtt' in version `bold'
(Font)                  OT1/cmtt/m/n --> TU/lmtt/bx/n on input line 49.
 ABD: EveryShipout initializing macros
isodate: babel.sty, (n)german.sty have not been loaded
luaotfload | aux : font no 42 (nil) does not define feature smcp for script latn
 with language dflt

Package fontspec Info: Font family 'Lato-Hai(0)' created for font 'Lato-Hai'
(fontspec)             with options [Path = fonts/lato/].
(fontspec)              
(fontspec)              This font family consists of the following NFSS
(fontspec)             series/shapes:
(fontspec)              
(fontspec)             - 'normal' (m/n) with NFSS spec.:
(fontspec)             <->"[fonts/lato/Lato-Hai]:mode=node;script=latn;language=
DFLT;"
(fontspec)             - 'small caps'  (m/sc) with NFSS spec.: 

luaotfload | aux : font no 45 (nil) does not define feature smcp for script latn
 with language dflt

Package fontspec Info: Font family 'Lato-Lig(1)' created for font 'Lato-Lig'
(fontspec)             with options [Path = fonts/lato/].
(fontspec)              
(fontspec)              This font family consists of the following NFSS
(fontspec)             series/shapes:
(fontspec)              
(fontspec)             - 'normal' (m/n) with NFSS spec.:
(fontspec)             <->"[fonts/lato/Lato-Lig]:mode=node;script=latn;language=
DFLT;"
(fontspec)             - 'small caps'  (m/sc) with NFSS spec.: 


Package fontspec Info: Font family 'Raleway-Medium(0)' created for font
(fontspec)             'Raleway-Medium' with options [Path = fonts/raleway/].
(fontspec)              
(fontspec)              This font family consists of the following NFSS
(fontspec)             series/shapes:
(fontspec)              
(fontspec)             - 'normal' (m/n) with NFSS spec.:
(fontspec)             <->"[fonts/raleway/Raleway-Medium]:mode=node;script=latn;
language=DFLT;"
(fontspec)             - 'small caps'  (m/sc) with NFSS spec.:
(fontspec)             <->"[fonts/raleway/Raleway-Medium]:mode=node;script=latn;
language=DFLT;+smcp;"


Package fontspec Info: Font family 'Raleway-ExtraLight(1)' created for font
(fontspec)             'Raleway-ExtraLight' with options [Path =
(fontspec)             fonts/raleway/].
(fontspec)              
(fontspec)              This font family consists of the following NFSS
(fontspec)             series/shapes:
(fontspec)              
(fontspec)             - 'normal' (m/n) with NFSS spec.:
(fontspec)             <->"[fonts/raleway/Raleway-ExtraLight]:mode=node;script=l
atn;language=DFLT;"
(fontspec)             - 'small caps'  (m/sc) with NFSS spec.:
(fontspec)             <->"[fonts/raleway/Raleway-ExtraLight]:mode=node;script=l
atn;language=DFLT;+smcp;"

<face.png, id=59, 192.72pt x 192.72pt>
File: face.png Graphic file (type png)
<use face.png>
Package luatex.def Info: face.png  used on input line 65.
(luatex.def)             Requested size: 108.63097pt x 108.63115pt.

LaTeX Font Warning: Font shape `TU/Lato-Lig(1)/m/sc' undefined
(Font)              using `TU/Lato-Lig(1)/m/n' instead on input line 81.

luaotfload | aux : font no 67 (nil) does not define feature smcp for script latn
 with language dflt

Package fontspec Info: Font family 'Lato-Bol(0)' created for font 'Lato-Bol'
(fontspec)             with options [Path = fonts/lato/].
(fontspec)              
(fontspec)              This font family consists of the following NFSS
(fontspec)             series/shapes:
(fontspec)              
(fontspec)             - 'normal' (m/n) with NFSS spec.:
(fontspec)             <->"[fonts/lato/Lato-Bol]:mode=node;script=latn;language=
DFLT;"
(fontspec)             - 'small caps'  (m/sc) with NFSS spec.: 


LaTeX Font Warning: Font shape `TU/Lato-Bol(0)/bx/n' undefined
(Font)              using `TU/Lato-Bol(0)/m/n' instead on input line 83.


LaTeX Font Warning: Font shape `TU/Lato-Lig(0)/m/sc' undefined
(Font)              using `TU/Lato-Lig(0)/m/n' instead on input line 90.

LaTeX Font Info:    External font `cmex10' loaded for size
(Font)              <7> on input line 128.
LaTeX Font Info:    External font `cmex10' loaded for size
(Font)              <5> on input line 128.
luaotfload | aux : font no 30 (nil) does not define feature smcp for script latn
 with language dflt
luaotfload | aux : font no 31 (nil) does not define feature smcp for script latn
 with language dflt
luaotfload | aux : font no 32 (nil) does not define feature smcp for script latn
 with language dflt
luaotfload | aux : font no 33 (nil) does not define feature smcp for script latn
 with language dflt

Package fontspec Info: Font family 'Lato-Lig(2)' created for font 'Lato-Lig'
(fontspec)             with options [Ligatures=TeX,Color=primary,Path =
(fontspec)             fonts/lato/,BoldItalicFont=Lato-RegIta,BoldFont=Lato-Reg,
ItalicFont=Lato-LigIta,Color=blue].
(fontspec)              
(fontspec)              This font family consists of the following NFSS
(fontspec)             series/shapes:
(fontspec)              
(fontspec)             - 'normal' (m/n) with NFSS spec.:
(fontspec)             <->"[fonts/lato/Lato-Lig]:mode=node;script=latn;language=
DFLT;+tlig;color=0000FFFF
(fontspec)             ;"
(fontspec)             - 'small caps'  (m/sc) with NFSS spec.: 
(fontspec)             - 'bold' (bx/n) with NFSS spec.:
(fontspec)             <->"[fonts/lato/Lato-Reg]:mode=node;script=latn;language=
DFLT;+tlig;color=0000FFFF
(fontspec)             ;"
(fontspec)             - 'bold small caps'  (bx/sc) with NFSS spec.: 
(fontspec)             - 'italic' (m/it) with NFSS spec.:
(fontspec)             <->"[fonts/lato/Lato-LigIta]:mode=node;script=latn;langua
ge=DFLT;+tlig;color=0000FFFF
(fontspec)             ;"
(fontspec)             - 'italic small caps'  (m/scit) with NFSS spec.: 
(fontspec)             - 'bold italic' (bx/it) with NFSS spec.:
(fontspec)             <->"[fonts/lato/Lato-RegIta]:mode=node;script=latn;langua
ge=DFLT;+tlig;color=0000FFFF
(fontspec)             ;"
(fontspec)             - 'bold italic small caps'  (bx/scit) with NFSS spec.: 

LaTeX Font Info:    Calculating math sizes for size <11> on input line 169.

LaTeX Font Warning: Font shape `OML/cmm/m/it' in size <5.5> not available
(Font)              size <5> substituted on input line 169.


LaTeX Font Warning: Font shape `OMS/cmsy/m/n' in size <5.5> not available
(Font)              size <5> substituted on input line 169.

LaTeX Font Info:    External font `cmex10' loaded for size
(Font)              <11> on input line 169.
LaTeX Font Info:    External font `cmex10' loaded for size
(Font)              <7.69997> on input line 169.
LaTeX Font Info:    External font `cmex10' loaded for size
(Font)              <5.5> on input line 169.

LaTeX Font Warning: Font shape `OT1/cmr/m/n' in size <5.5> not available
(Font)              size <5> substituted on input line 169.


Overfull \hbox (10.97636pt too wide) in paragraph at lines 75--280
[][]  [] 
 []

[1

{C:/Users/porygon-z/AppData/Local/MiKTeX/2.9/pdftex/config/pdftex.map}<./face.pn
g>]
Package atveryend Info: Empty hook `BeforeClearDocument' on input line 280.
Package atveryend Info: Empty hook `AfterLastShipout' on input line 280.
 (./deedy_resume-openfont.aux)
Package atveryend Info: Executing hook `AtVeryEndDocument' on input line 280.
Package atveryend Info: Executing hook `AtEndAfterFileList' on input line 280.
Package rerunfilecheck Info: File `deedy_resume-openfont.out' has not changed.
(rerunfilecheck)             Checksum: B3CE18347809CDA8D8D12BE40B2E43F3;1496.


LaTeX Font Warning: Size substitutions with differences
(Font)              up to 0.5pt have occurred.


LaTeX Font Warning: Some font shapes were not available, defaults substituted.

Package atveryend Info: Empty hook `AtVeryVeryEnd' on input line 280.
)

Here is how much of LuaTeX's memory you used:
 38556 strings out of 493863
 100000,953878 words of node,token memory allocated
 453 words of node memory still in use:
   3 hlist, 1 vlist, 1 rule, 2 glue, 3 kern, 1 glyph, 8 attribute, 54 glue_spec,
 7 attribute_list, 2 write nodes
   avail lists: 1:3,2:1849,3:265,4:281,5:294,6:77,7:4154,8:38,9:276,10:13,11:301

 42371 multiletter control sequences out of 65536+200000
 111 fonts using 11061583 bytes
 68i,9n,120p,956b,2144s stack positions out of 5000i,500n,10000p,200000b,50000s
<./fonts/lato/Lato-Bol.ttf><./fonts/raleway/Raleway-ExtraLight.otf><C:/Users/por
ygon-z/AppData/Local/Programs/MiKTeX 2.9/fonts/opentype/public/fontawesome5/Font
Awesome5Brands-Regular-400.otf><C:/Users/porygon-z/AppData/Local/Programs/MiKTeX
 2.9/fonts/opentype/public/fontawesome5/FontAwesome5Free-Solid-900.otf><./fonts/
raleway/Raleway-Medium.otf><./fonts/lato/Lato-Lig.ttf><./fonts/lato/Lato-Hai.ttf
>
Output written on deedy_resume-openfont.pdf (1 page, 1098805 bytes).

PDF statistics: 134 PDF objects out of 1000 (max. 8388607)
 14 named destinations out of 1000 (max. 131072)
 112 words of extra memory for PDF output out of 10000 (max. 100000000)

